Unity Editor version:    2021.3.5f1 (40eb3a945986)
Branch:                  2021.3/staging
Build type:              Release
Batch mode:              YES
macOS version:           Version 14.2.1 (Build 23C71)
Darwin version:          23.2.0
Architecture:            x86_64
Running under Rosetta:   YES
Available memory:        16384 MB
Using pre-set license
Pro License: YES

COMMAND LINE ARGUMENTS:
/Applications/Unity/Hub/Editor/2021.3.5f1/Unity.app/Contents/MacOS/Unity
-adb2
-batchMode
-noUpm
-name
AssetImportWorker1
-projectPath
/Users/okanleenen/Documents/GitHub/UnityProjekt/BKaya
-logFile
Logs/AssetImportWorker1.log
-srvPort
62401
Successfully changed project path to: /Users/okanleenen/Documents/GitHub/UnityProjekt/BKaya
/Users/okanleenen/Documents/GitHub/UnityProjekt/BKaya
[UnityMemory] Configuration Parameters - Can be set up in boot.config
    "memorysetup-bucket-allocator-granularity=16"
    "memorysetup-bucket-allocator-bucket-count=8"
    "memorysetup-bucket-allocator-block-size=33554432"
    "memorysetup-bucket-allocator-block-count=8"
    "memorysetup-main-allocator-block-size=16777216"
    "memorysetup-thread-allocator-block-size=16777216"
    "memorysetup-gfx-main-allocator-block-size=16777216"
    "memorysetup-gfx-thread-allocator-block-size=16777216"
    "memorysetup-cache-allocator-block-size=4194304"
    "memorysetup-typetree-allocator-block-size=2097152"
    "memorysetup-profiler-bucket-allocator-granularity=16"
    "memorysetup-profiler-bucket-allocator-bucket-count=8"
    "memorysetup-profiler-bucket-allocator-block-size=33554432"
    "memorysetup-profiler-bucket-allocator-block-count=8"
    "memorysetup-profiler-allocator-block-size=16777216"
    "memorysetup-profiler-editor-allocator-block-size=1048576"
    "memorysetup-temp-allocator-size-main=16777216"
    "memorysetup-job-temp-allocator-block-size=2097152"
    "memorysetup-job-temp-allocator-block-size-background=1048576"
    "memorysetup-job-temp-allocator-reduction-small-platforms=262144"
    "memorysetup-temp-allocator-size-background-worker=32768"
    "memorysetup-temp-allocator-size-job-worker=262144"
    "memorysetup-temp-allocator-size-preload-manager=33554432"
    "memorysetup-temp-allocator-size-nav-mesh-worker=65536"
    "memorysetup-temp-allocator-size-audio-worker=65536"
    "memorysetup-temp-allocator-size-cloud-worker=32768"
    "memorysetup-temp-allocator-size-gi-baking-worker=262144"
    "memorysetup-temp-allocator-size-gfx=262144"
Refreshing native plugins compatible for Editor in 95.70 ms, found 6 plugins.
Preloading 4 native plugins for Editor in 18.65 ms.
Initialize engine version: 2021.3.5f1 (40eb3a945986)
[Subsystems] Discovering subsystems at path /Applications/Unity/Hub/Editor/2021.3.5f1/Unity.app/Contents/Resources/UnitySubsystems
[Subsystems] Discovering subsystems at path /Users/okanleenen/Documents/GitHub/UnityProjekt/BKaya/Assets
GfxDevice: creating device client; threaded=0; jobified=0
 preferred device: Apple M2 (high power)
Metal devices available: 1
0: Apple M2 (high power)
Using device Apple M2 (high power)
Initializing Metal device caps: Apple M2
Initialize mono
Mono path[0] = '/Applications/Unity/Hub/Editor/2021.3.5f1/Unity.app/Contents/Managed'
Mono path[1] = '/Applications/Unity/Hub/Editor/2021.3.5f1/Unity.app/Contents/MonoBleedingEdge/lib/mono/unityjit-macos'
Mono config path = '/Applications/Unity/Hub/Editor/2021.3.5f1/Unity.app/Contents/MonoBleedingEdge/etc'
Using monoOptions --debugger-agent=transport=dt_socket,embedding=1,server=y,suspend=n,address=127.0.0.1:56629
Begin MonoManager ReloadAssembly
Registering precompiled unity dll's ...
Register platform support module: /Applications/Unity/Hub/Editor/2021.3.5f1/Unity.app/Contents/PlaybackEngines/MacStandaloneSupport/UnityEditor.OSXStandalone.Extensions.dll
Register platform support module: /Applications/Unity/Hub/Editor/2021.3.5f1/PlaybackEngines/AndroidPlayer/UnityEditor.Android.Extensions.dll
Registered in 0.000714 seconds.
Native extension for Android target not found
Native extension for OSXStandalone target not found
Refreshing native plugins compatible for Editor in 101.16 ms, found 6 plugins.
Preloading 4 native plugins for Editor in 9.26 ms.
Mono: successfully reloaded assembly
- Completed reload, in  1.130 seconds
Domain Reload Profiling:
	ReloadAssembly (1131ms)
		BeginReloadAssembly (97ms)
			ExecutionOrderSort (0ms)
			DisableScriptedObjects (0ms)
			BackupInstance (0ms)
			ReleaseScriptingObjects (0ms)
			CreateAndSetChildDomain (2ms)
		EndReloadAssembly (869ms)
			LoadAssemblies (95ms)
			RebuildTransferFunctionScriptingTraits (0ms)
			SetupTypeCache (94ms)
			ReleaseScriptCaches (0ms)
			RebuildScriptCaches (28ms)
			SetupLoadedEditorAssemblies (626ms)
				LogAssemblyErrors (0ms)
				InitializePlatformSupportModulesInManaged (163ms)
				SetLoadedEditorAssemblies (0ms)
				RefreshPlugins (110ms)
				BeforeProcessingInitializeOnLoad (3ms)
				ProcessInitializeOnLoadAttributes (227ms)
				ProcessInitializeOnLoadMethodAttributes (121ms)
				AfterProcessingInitializeOnLoad (0ms)
				EditorAssembliesLoaded (0ms)
			ExecutionOrderSort2 (0ms)
			AwakeInstancesAfterBackupRestoration (0ms)
Platform modules already initialized, skipping
Registering precompiled user dll's ...
Registered in 0.004253 seconds.
Begin MonoManager ReloadAssembly
Symbol file LoadedFromMemory doesn't match image /Users/okanleenen/Documents/GitHub/UnityProjekt/BKaya/Library/PackageCache/com.unity.visualscripting@1.7.8/Editor/VisualScripting.Core/Dependencies/DotNetZip/Unity.VisualScripting.IonicZip.dll
Symbol file LoadedFromMemory is not a mono symbol file
Symbol file LoadedFromMemory doesn't match image /Users/okanleenen/Documents/GitHub/UnityProjekt/BKaya/Library/PackageCache/com.unity.visualscripting@1.7.8/Editor/VisualScripting.Core/Dependencies/YamlDotNet/Unity.VisualScripting.YamlDotNet.dll
Native extension for Android target not found
Native extension for OSXStandalone target not found
Refreshing native plugins compatible for Editor in 1.01 ms, found 6 plugins.
Preloading 4 native plugins for Editor in 9.49 ms.
Mono: successfully reloaded assembly
- Completed reload, in  1.994 seconds
Domain Reload Profiling:
	ReloadAssembly (1996ms)
		BeginReloadAssembly (280ms)
			ExecutionOrderSort (0ms)
			DisableScriptedObjects (26ms)
			BackupInstance (0ms)
			ReleaseScriptingObjects (0ms)
			CreateAndSetChildDomain (132ms)
		EndReloadAssembly (1536ms)
			LoadAssemblies (93ms)
			RebuildTransferFunctionScriptingTraits (0ms)
			SetupTypeCache (256ms)
			ReleaseScriptCaches (2ms)
			RebuildScriptCaches (51ms)
			SetupLoadedEditorAssemblies (1019ms)
				LogAssemblyErrors (0ms)
				InitializePlatformSupportModulesInManaged (46ms)
				SetLoadedEditorAssemblies (1ms)
				RefreshPlugins (11ms)
				BeforeProcessingInitializeOnLoad (118ms)
				ProcessInitializeOnLoadAttributes (726ms)
				ProcessInitializeOnLoadMethodAttributes (117ms)
				AfterProcessingInitializeOnLoad (1ms)
				EditorAssembliesLoaded (0ms)
			ExecutionOrderSort2 (0ms)
			AwakeInstancesAfterBackupRestoration (8ms)
Platform modules already initialized, skipping
========================================================================
Worker process is ready to serve import requests
Launching external process: /Applications/Unity/Hub/Editor/2021.3.5f1/Unity.app/Contents/Tools/UnityShaderCompiler
Launched and connected shader compiler UnityShaderCompiler after 0.08 seconds
Refreshing native plugins compatible for Editor in 0.88 ms, found 6 plugins.
Preloading 4 native plugins for Editor in 9.03 ms.
Unloading 3955 Unused Serialized files (Serialized files now loaded: 0)
Unloading 76 unused Assets / (118.4 KB). Loaded Objects now: 4695.
Memory consumption went from 131.3 MB to 131.2 MB.
Total: 3.595042 ms (FindLiveObjects: 0.313250 ms CreateObjectMapping: 0.116208 ms MarkObjects: 2.955250 ms  DeleteObjects: 0.209875 ms)

AssetImportParameters requested are different than current active one (requested -> active):
  custom:video-decoder-ogg-theora: a1e56fd34408186e4bbccfd4996cb3dc -> 
  custom:container-muxer-webm: aa71ff27fc2769a1b78a27578f13a17b -> 
  custom:container-demuxer-webm: 4f35f7cbe854078d1ac9338744f61a02 -> 
  custom:video-encoder-webm-vp8: eb34c28f22e8b96e1ab97ce403110664 -> 
  custom:framework-osx-AVFoundation: e770b220cccbd017edd2c1fefb359320 -> 
  custom:audio-encoder-webm-vorbis: bf7c407c2cedff20999df2af8eb42d56 -> 
  custom:container-demuxer-ogg: 62fdf1f143b41e24485cea50d1cbac27 -> 
  custom:video-decoder-webm-vp8: 9c59270c3fd7afecdb556c50c9e8de78 -> 
  custom:audio-decoder-ogg-vorbis: bf7c407c2cedff20999df2af8eb42d56 -> 
========================================================================
Received Import Request.
  Time since last request: 22423.906160 seconds.
  path: Assets/Cups
  artifactKey: Guid(39925126d228141ba846d32b2aaa6c1d) Importer(815301076,1909f56bfc062723c751e8b465ee728b)
Start importing Assets/Cups using Guid(39925126d228141ba846d32b2aaa6c1d) Importer(815301076,1909f56bfc062723c751e8b465ee728b)  -> (artifact id: 'fa4d7b43b6ba8a99c06bfa8c5c6078b8') in 0.008917 seconds 
========================================================================
Received Import Request.
  Time since last request: 0.000159 seconds.
  path: Assets/Cups/Objects/Cup empty.fbx
  artifactKey: Guid(18f8ef486b33178429d099e8b963152c) Importer(815301076,1909f56bfc062723c751e8b465ee728b)
Start importing Assets/Cups/Objects/Cup empty.fbx using Guid(18f8ef486b33178429d099e8b963152c) Importer(815301076,1909f56bfc062723c751e8b465ee728b)  -> (artifact id: '7e9c99a62cc853589325651aae927166') in 0.367596 seconds 
========================================================================
Received Import Request.
  Time since last request: 0.000066 seconds.
  path: Assets/Cups/Objects
  artifactKey: Guid(34e359a2dde061e46b50d5945a71be88) Importer(815301076,1909f56bfc062723c751e8b465ee728b)
Start importing Assets/Cups/Objects using Guid(34e359a2dde061e46b50d5945a71be88) Importer(815301076,1909f56bfc062723c751e8b465ee728b)  -> (artifact id: '6e20e7590c0de6e47dbb5f298bcf5106') in 0.000686 seconds 
========================================================================
Received Import Request.
  Time since last request: 0.000042 seconds.
  path: Assets/Cups/Objects/Cup coffee.fbx
  artifactKey: Guid(9079be7ffbda735448edbb89b91dabf6) Importer(815301076,1909f56bfc062723c751e8b465ee728b)
Start importing Assets/Cups/Objects/Cup coffee.fbx using Guid(9079be7ffbda735448edbb89b91dabf6) Importer(815301076,1909f56bfc062723c751e8b465ee728b)  -> (artifact id: 'a5f7f528965e4c1236bb57cf2837b71c') in 0.035896 seconds 
========================================================================
Received Import Request.
  Time since last request: 0.000056 seconds.
  path: Assets/Cups/Objects/Cup water.fbx
  artifactKey: Guid(30354c8adf94e8442a3108d8668bd5b8) Importer(815301076,1909f56bfc062723c751e8b465ee728b)
Start importing Assets/Cups/Objects/Cup water.fbx using Guid(30354c8adf94e8442a3108d8668bd5b8) Importer(815301076,1909f56bfc062723c751e8b465ee728b)  -> (artifact id: '466a52ae87d5e7aef2b11a0807c9939a') in 0.332558 seconds 
========================================================================
Received Import Request.
  Time since last request: 1520.518032 seconds.
  path: Assets/2D Atlas Speechbubbles Alphabet Numbers/Assets/Prefabs/+Speechbox_Universalcolor.prefab
  artifactKey: Guid(edb390b8526cad0458bf78fbcbe0b380) Importer(815301076,1909f56bfc062723c751e8b465ee728b)
Start importing Assets/2D Atlas Speechbubbles Alphabet Numbers/Assets/Prefabs/+Speechbox_Universalcolor.prefab using Guid(edb390b8526cad0458bf78fbcbe0b380) Importer(815301076,1909f56bfc062723c751e8b465ee728b)  -> (artifact id: 'eeab912616dfb7705cdce525f86d1f18') in 0.109441 seconds 
========================================================================
Received Import Request.
  Time since last request: 0.000093 seconds.
  path: Assets/2D Atlas Speechbubbles Alphabet Numbers/Assets/Prefabs/+Speechbubble_6.prefab
  artifactKey: Guid(7b850c76b87127d438da06edb682525b) Importer(815301076,1909f56bfc062723c751e8b465ee728b)
Start importing Assets/2D Atlas Speechbubbles Alphabet Numbers/Assets/Prefabs/+Speechbubble_6.prefab using Guid(7b850c76b87127d438da06edb682525b) Importer(815301076,1909f56bfc062723c751e8b465ee728b)  -> (artifact id: 'c4d3076d14c7c3ffac5b742ae6b372b3') in 0.011803 seconds 
========================================================================
Received Import Request.
  Time since last request: 0.000044 seconds.
  path: Assets/2D Atlas Speechbubbles Alphabet Numbers/Assets/Prefabs/+Speechbubble_3.prefab
  artifactKey: Guid(e999f83cc43eb2144a4e72dc9fd9f55e) Importer(815301076,1909f56bfc062723c751e8b465ee728b)
Start importing Assets/2D Atlas Speechbubbles Alphabet Numbers/Assets/Prefabs/+Speechbubble_3.prefab using Guid(e999f83cc43eb2144a4e72dc9fd9f55e) Importer(815301076,1909f56bfc062723c751e8b465ee728b)  -> (artifact id: '81a53dfef65683c525a30116cd1b1121') in 0.010682 seconds 
========================================================================
Received Import Request.
  Time since last request: 0.000041 seconds.
  path: Assets/2D Atlas Speechbubbles Alphabet Numbers/Assets/Prefabs/Speechbubble_0003.prefab
  artifactKey: Guid(53a8ff55baf6b7d4e9516adbb544058c) Importer(815301076,1909f56bfc062723c751e8b465ee728b)
Start importing Assets/2D Atlas Speechbubbles Alphabet Numbers/Assets/Prefabs/Speechbubble_0003.prefab using Guid(53a8ff55baf6b7d4e9516adbb544058c) Importer(815301076,1909f56bfc062723c751e8b465ee728b)  -> (artifact id: 'c0b1d476a701913a83b304f971bcca6b') in 0.006864 seconds 
========================================================================
Received Import Request.
  Time since last request: 0.000049 seconds.
  path: Assets/2D Atlas Speechbubbles Alphabet Numbers/Assets/Prefabs/+Speechbubble_2.prefab
  artifactKey: Guid(1a9fc0d71b887244b84efb097ef2f841) Importer(815301076,1909f56bfc062723c751e8b465ee728b)
Start importing Assets/2D Atlas Speechbubbles Alphabet Numbers/Assets/Prefabs/+Speechbubble_2.prefab using Guid(1a9fc0d71b887244b84efb097ef2f841) Importer(815301076,1909f56bfc062723c751e8b465ee728b)  -> (artifact id: 'e12984b78de92b63a3b5db6551d366ff') in 0.011606 seconds 
========================================================================
Received Import Request.
  Time since last request: 0.000049 seconds.
  path: Assets/2D Atlas Speechbubbles Alphabet Numbers/Assets/Prefabs/+Speechbubble_7.prefab
  artifactKey: Guid(7c4e3e1cf7537234ca8f7be5b9b45514) Importer(815301076,1909f56bfc062723c751e8b465ee728b)
Start importing Assets/2D Atlas Speechbubbles Alphabet Numbers/Assets/Prefabs/+Speechbubble_7.prefab using Guid(7c4e3e1cf7537234ca8f7be5b9b45514) Importer(815301076,1909f56bfc062723c751e8b465ee728b)  -> (artifact id: 'eee5e7dc2df7ac3abe7beb1a8c57d315') in 0.010497 seconds 
========================================================================
Received Prepare
Registering precompiled user dll's ...
Registered in 0.002997 seconds.
Begin MonoManager ReloadAssembly
Symbol file LoadedFromMemory doesn't match image /Users/okanleenen/Documents/GitHub/UnityProjekt/BKaya/Library/PackageCache/com.unity.visualscripting@1.7.8/Editor/VisualScripting.Core/Dependencies/DotNetZip/Unity.VisualScripting.IonicZip.dll
Symbol file LoadedFromMemory is not a mono symbol file
Symbol file LoadedFromMemory doesn't match image /Users/okanleenen/Documents/GitHub/UnityProjekt/BKaya/Library/PackageCache/com.unity.visualscripting@1.7.8/Editor/VisualScripting.Core/Dependencies/YamlDotNet/Unity.VisualScripting.YamlDotNet.dll
Native extension for Android target not found
Native extension for OSXStandalone target not found
Refreshing native plugins compatible for Editor in 0.87 ms, found 6 plugins.
Preloading 4 native plugins for Editor in 9.37 ms.
Mono: successfully reloaded assembly
- Completed reload, in  1.805 seconds
Domain Reload Profiling:
	ReloadAssembly (1806ms)
		BeginReloadAssembly (249ms)
			ExecutionOrderSort (0ms)
			DisableScriptedObjects (48ms)
			BackupInstance (0ms)
			ReleaseScriptingObjects (0ms)
			CreateAndSetChildDomain (72ms)
		EndReloadAssembly (1388ms)
			LoadAssemblies (95ms)
			RebuildTransferFunctionScriptingTraits (0ms)
			SetupTypeCache (247ms)
			ReleaseScriptCaches (1ms)
			RebuildScriptCaches (39ms)
			SetupLoadedEditorAssemblies (895ms)
				LogAssemblyErrors (0ms)
				InitializePlatformSupportModulesInManaged (44ms)
				SetLoadedEditorAssemblies (1ms)
				RefreshPlugins (10ms)
				BeforeProcessingInitializeOnLoad (84ms)
				ProcessInitializeOnLoadAttributes (625ms)
				ProcessInitializeOnLoadMethodAttributes (129ms)
				AfterProcessingInitializeOnLoad (1ms)
				EditorAssembliesLoaded (0ms)
			ExecutionOrderSort2 (0ms)
			AwakeInstancesAfterBackupRestoration (9ms)
Platform modules already initialized, skipping
Refreshing native plugins compatible for Editor in 2.90 ms, found 6 plugins.
Preloading 4 native plugins for Editor in 9.16 ms.
Unloading 3951 Unused Serialized files (Serialized files now loaded: 0)
Unloading 78 unused Assets / (0.6 MB). Loaded Objects now: 4741.
Memory consumption went from 294.1 MB to 293.4 MB.
Total: 3.203750 ms (FindLiveObjects: 0.267792 ms CreateObjectMapping: 0.085083 ms MarkObjects: 2.551583 ms  DeleteObjects: 0.298708 ms)

AssetImportParameters requested are different than current active one (requested -> active):
  custom:video-decoder-ogg-theora: a1e56fd34408186e4bbccfd4996cb3dc -> 
  custom:container-muxer-webm: aa71ff27fc2769a1b78a27578f13a17b -> 
  custom:container-demuxer-webm: 4f35f7cbe854078d1ac9338744f61a02 -> 
  custom:video-encoder-webm-vp8: eb34c28f22e8b96e1ab97ce403110664 -> 
  custom:framework-osx-AVFoundation: e770b220cccbd017edd2c1fefb359320 -> 
  custom:audio-encoder-webm-vorbis: bf7c407c2cedff20999df2af8eb42d56 -> 
  custom:container-demuxer-ogg: 62fdf1f143b41e24485cea50d1cbac27 -> 
  custom:video-decoder-webm-vp8: 9c59270c3fd7afecdb556c50c9e8de78 -> 
  custom:audio-decoder-ogg-vorbis: bf7c407c2cedff20999df2af8eb42d56 -> 
========================================================================
Received Prepare
Refreshing native plugins compatible for Editor in 5.60 ms, found 6 plugins.
Preloading 4 native plugins for Editor in 9.34 ms.
Unloading 78 Unused Serialized files (Serialized files now loaded: 0)
Unloading 78 unused Assets / (0.7 MB). Loaded Objects now: 4741.
Memory consumption went from 215.3 MB to 214.6 MB.
Total: 7.303375 ms (FindLiveObjects: 0.317959 ms CreateObjectMapping: 0.088875 ms MarkObjects: 6.580125 ms  DeleteObjects: 0.316000 ms)

AssetImportParameters requested are different than current active one (requested -> active):
  custom:video-decoder-ogg-theora: a1e56fd34408186e4bbccfd4996cb3dc -> 
  custom:container-muxer-webm: aa71ff27fc2769a1b78a27578f13a17b -> 
  custom:container-demuxer-webm: 4f35f7cbe854078d1ac9338744f61a02 -> 
  custom:video-encoder-webm-vp8: eb34c28f22e8b96e1ab97ce403110664 -> 
  custom:framework-osx-AVFoundation: e770b220cccbd017edd2c1fefb359320 -> 
  custom:audio-encoder-webm-vorbis: bf7c407c2cedff20999df2af8eb42d56 -> 
  custom:container-demuxer-ogg: 62fdf1f143b41e24485cea50d1cbac27 -> 
  custom:video-decoder-webm-vp8: 9c59270c3fd7afecdb556c50c9e8de78 -> 
  custom:audio-decoder-ogg-vorbis: bf7c407c2cedff20999df2af8eb42d56 -> 
========================================================================
Received Prepare
Refreshing native plugins compatible for Editor in 4.54 ms, found 6 plugins.
Preloading 4 native plugins for Editor in 9.00 ms.
Unloading 78 Unused Serialized files (Serialized files now loaded: 0)
Unloading 78 unused Assets / (0.6 MB). Loaded Objects now: 4741.
Memory consumption went from 215.1 MB to 214.4 MB.
Total: 3.122458 ms (FindLiveObjects: 0.285792 ms CreateObjectMapping: 0.081750 ms MarkObjects: 2.452417 ms  DeleteObjects: 0.301541 ms)

AssetImportParameters requested are different than current active one (requested -> active):
  custom:video-decoder-ogg-theora: a1e56fd34408186e4bbccfd4996cb3dc -> 
  custom:container-muxer-webm: aa71ff27fc2769a1b78a27578f13a17b -> 
  custom:container-demuxer-webm: 4f35f7cbe854078d1ac9338744f61a02 -> 
  custom:video-encoder-webm-vp8: eb34c28f22e8b96e1ab97ce403110664 -> 
  custom:framework-osx-AVFoundation: e770b220cccbd017edd2c1fefb359320 -> 
  custom:audio-encoder-webm-vorbis: bf7c407c2cedff20999df2af8eb42d56 -> 
  custom:container-demuxer-ogg: 62fdf1f143b41e24485cea50d1cbac27 -> 
  custom:video-decoder-webm-vp8: 9c59270c3fd7afecdb556c50c9e8de78 -> 
  custom:audio-decoder-ogg-vorbis: bf7c407c2cedff20999df2af8eb42d56 -> 
========================================================================
Received Prepare
Registering precompiled user dll's ...
Registered in 0.003092 seconds.
Begin MonoManager ReloadAssembly
Symbol file LoadedFromMemory doesn't match image /Users/okanleenen/Documents/GitHub/UnityProjekt/BKaya/Library/PackageCache/com.unity.visualscripting@1.7.8/Editor/VisualScripting.Core/Dependencies/DotNetZip/Unity.VisualScripting.IonicZip.dll
Symbol file LoadedFromMemory is not a mono symbol file
Symbol file LoadedFromMemory doesn't match image /Users/okanleenen/Documents/GitHub/UnityProjekt/BKaya/Library/PackageCache/com.unity.visualscripting@1.7.8/Editor/VisualScripting.Core/Dependencies/YamlDotNet/Unity.VisualScripting.YamlDotNet.dll
Native extension for Android target not found
Native extension for OSXStandalone target not found
Refreshing native plugins compatible for Editor in 0.89 ms, found 6 plugins.
Preloading 4 native plugins for Editor in 9.42 ms.
Mono: successfully reloaded assembly
- Completed reload, in  1.835 seconds
Domain Reload Profiling:
	ReloadAssembly (1836ms)
		BeginReloadAssembly (238ms)
			ExecutionOrderSort (0ms)
			DisableScriptedObjects (31ms)
			BackupInstance (0ms)
			ReleaseScriptingObjects (0ms)
			CreateAndSetChildDomain (69ms)
		EndReloadAssembly (1427ms)
			LoadAssemblies (101ms)
			RebuildTransferFunctionScriptingTraits (0ms)
			SetupTypeCache (276ms)
			ReleaseScriptCaches (1ms)
			RebuildScriptCaches (39ms)
			SetupLoadedEditorAssemblies (897ms)
				LogAssemblyErrors (0ms)
				InitializePlatformSupportModulesInManaged (43ms)
				SetLoadedEditorAssemblies (1ms)
				RefreshPlugins (10ms)
				BeforeProcessingInitializeOnLoad (84ms)
				ProcessInitializeOnLoadAttributes (649ms)
				ProcessInitializeOnLoadMethodAttributes (108ms)
				AfterProcessingInitializeOnLoad (1ms)
				EditorAssembliesLoaded (0ms)
			ExecutionOrderSort2 (0ms)
			AwakeInstancesAfterBackupRestoration (9ms)
Platform modules already initialized, skipping
Refreshing native plugins compatible for Editor in 4.23 ms, found 6 plugins.
Preloading 4 native plugins for Editor in 9.15 ms.
Unloading 3951 Unused Serialized files (Serialized files now loaded: 0)
Unloading 78 unused Assets / (0.7 MB). Loaded Objects now: 4744.
Memory consumption went from 296.2 MB to 295.6 MB.
Total: 5.647625 ms (FindLiveObjects: 0.334167 ms CreateObjectMapping: 0.128250 ms MarkObjects: 4.816166 ms  DeleteObjects: 0.368334 ms)

AssetImportParameters requested are different than current active one (requested -> active):
  custom:video-decoder-ogg-theora: a1e56fd34408186e4bbccfd4996cb3dc -> 
  custom:container-muxer-webm: aa71ff27fc2769a1b78a27578f13a17b -> 
  custom:container-demuxer-webm: 4f35f7cbe854078d1ac9338744f61a02 -> 
  custom:video-encoder-webm-vp8: eb34c28f22e8b96e1ab97ce403110664 -> 
  custom:framework-osx-AVFoundation: e770b220cccbd017edd2c1fefb359320 -> 
  custom:audio-encoder-webm-vorbis: bf7c407c2cedff20999df2af8eb42d56 -> 
  custom:container-demuxer-ogg: 62fdf1f143b41e24485cea50d1cbac27 -> 
  custom:video-decoder-webm-vp8: 9c59270c3fd7afecdb556c50c9e8de78 -> 
  custom:audio-decoder-ogg-vorbis: bf7c407c2cedff20999df2af8eb42d56 -> 
========================================================================
Received Import Request.
  Time since last request: 4557.510552 seconds.
  path: Assets/Editor/Vuforia/uuuu_authoring_target/Data/Textures/1.png
  artifactKey: Guid(1f2f32a19982b4a2eaa05e7f08866a24) Importer(815301076,1909f56bfc062723c751e8b465ee728b)
Start importing Assets/Editor/Vuforia/uuuu_authoring_target/Data/Textures/1.png using Guid(1f2f32a19982b4a2eaa05e7f08866a24) Importer(815301076,1909f56bfc062723c751e8b465ee728b)  -> (artifact id: '97fac52047a55568811ddb75fdef3b1c') in 0.211633 seconds 
========================================================================
Received Import Request.
  Time since last request: 0.000112 seconds.
  path: Packages/com.unity.analytics/Editor/AnalyticsEventTracker icon.png
  artifactKey: Guid(5e7c9ab97e5884e4eaa5967e9024f39d) Importer(815301076,1909f56bfc062723c751e8b465ee728b)
Start importing Packages/com.unity.analytics/Editor/AnalyticsEventTracker icon.png using Guid(5e7c9ab97e5884e4eaa5967e9024f39d) Importer(815301076,1909f56bfc062723c751e8b465ee728b)  -> (artifact id: '5db379fd6b47cb74bf0e6d192f3885da') in 0.010973 seconds 
========================================================================
Received Import Request.
  Time since last request: 0.000121 seconds.
  path: Packages/com.unity.collab-proxy/Editor/Collaborate/Assets/Icons/added-file-dark.png
  artifactKey: Guid(1a4f52b613391cd449af3ad2e44affeb) Importer(815301076,1909f56bfc062723c751e8b465ee728b)
Start importing Packages/com.unity.collab-proxy/Editor/Collaborate/Assets/Icons/added-file-dark.png using Guid(1a4f52b613391cd449af3ad2e44affeb) Importer(815301076,1909f56bfc062723c751e8b465ee728b)  -> (artifact id: 'cc5e9a508f8c3377294f658350f6bcd0') in 0.005746 seconds 
========================================================================
Received Import Request.
  Time since last request: 0.000040 seconds.
  path: Packages/com.unity.collab-proxy/Editor/Collaborate/Assets/Icons/added-file-dark@2x.png
  artifactKey: Guid(c223e0c507e2c6549a2cb97441b62cbe) Importer(815301076,1909f56bfc062723c751e8b465ee728b)
Start importing Packages/com.unity.collab-proxy/Editor/Collaborate/Assets/Icons/added-file-dark@2x.png using Guid(c223e0c507e2c6549a2cb97441b62cbe) Importer(815301076,1909f56bfc062723c751e8b465ee728b)  -> (artifact id: 'a1e5f12733a76a38ab02cf4f4457cec2') in 0.005949 seconds 
========================================================================
Received Import Request.
  Time since last request: 0.000065 seconds.
  path: Packages/com.unity.collab-proxy/Editor/Collaborate/Assets/Icons/added-file-light@2x.png
  artifactKey: Guid(ec2e3aa6d0ab8ce4eac29b56d65d61d5) Importer(815301076,1909f56bfc062723c751e8b465ee728b)
Start importing Packages/com.unity.collab-proxy/Editor/Collaborate/Assets/Icons/added-file-light@2x.png using Guid(ec2e3aa6d0ab8ce4eac29b56d65d61d5) Importer(815301076,1909f56bfc062723c751e8b465ee728b)  -> (artifact id: 'a3fdd051f052083fe8ed1ad5460b257c') in 0.005649 seconds 
========================================================================
Received Import Request.
  Time since last request: 0.000037 seconds.
  path: Packages/com.unity.collab-proxy/Editor/Collaborate/Assets/Icons/added-file-light.png
  artifactKey: Guid(397fff6c3885f8343bb65714f0064b5d) Importer(815301076,1909f56bfc062723c751e8b465ee728b)
Start importing Packages/com.unity.collab-proxy/Editor/Collaborate/Assets/Icons/added-file-light.png using Guid(397fff6c3885f8343bb65714f0064b5d) Importer(815301076,1909f56bfc062723c751e8b465ee728b)  -> (artifact id: '38d66abbf6b57699bf6bbafe9742ecff') in 0.006018 seconds 
========================================================================
Received Import Request.
  Time since last request: 1.650512 seconds.
  path: Packages/com.unity.collab-proxy/Editor/Collaborate/Assets/Icons/collaborate-available-changes-dark@2x.png
  artifactKey: Guid(1a2cea5a396ff5d4a8f740bd5d8726b0) Importer(815301076,1909f56bfc062723c751e8b465ee728b)
Start importing Packages/com.unity.collab-proxy/Editor/Collaborate/Assets/Icons/collaborate-available-changes-dark@2x.png using Guid(1a2cea5a396ff5d4a8f740bd5d8726b0) Importer(815301076,1909f56bfc062723c751e8b465ee728b)  -> (artifact id: '5c15b9461dee16986b0ed560a553c169') in 0.006946 seconds 
========================================================================
Received Import Request.
  Time since last request: 0.000669 seconds.
  path: Packages/com.unity.collab-proxy/Editor/Collaborate/Assets/Icons/collaborate-available-changes-light@2x.png
  artifactKey: Guid(8478a99d8fb61c94ba938c3034d449c6) Importer(815301076,1909f56bfc062723c751e8b465ee728b)
Start importing Packages/com.unity.collab-proxy/Editor/Collaborate/Assets/Icons/collaborate-available-changes-light@2x.png using Guid(8478a99d8fb61c94ba938c3034d449c6) Importer(815301076,1909f56bfc062723c751e8b465ee728b)  -> (artifact id: '3a5273b9568328268feaf84f0a13d23e') in 0.006807 seconds 
========================================================================
Received Import Request.
  Time since last request: 0.000056 seconds.
  path: Packages/com.unity.collab-proxy/Editor/Collaborate/Assets/Icons/collaborate-available-changes-light.png
  artifactKey: Guid(c27f4e1f2b76b2f45b48df65c02ba338) Importer(815301076,1909f56bfc062723c751e8b465ee728b)
Start importing Packages/com.unity.collab-proxy/Editor/Collaborate/Assets/Icons/collaborate-available-changes-light.png using Guid(c27f4e1f2b76b2f45b48df65c02ba338) Importer(815301076,1909f56bfc062723c751e8b465ee728b)  -> (artifact id: '5278c795e6bace56bb697809991c41a3') in 0.006112 seconds 
========================================================================
Received Import Request.
  Time since last request: 17.401406 seconds.
  path: Assets/Common/Icons/Android/Icon-144.png
  artifactKey: Guid(fe689abc1067e4869a58c87d14482078) Importer(815301076,1909f56bfc062723c751e8b465ee728b)
Start importing Assets/Common/Icons/Android/Icon-144.png using Guid(fe689abc1067e4869a58c87d14482078) Importer(815301076,1909f56bfc062723c751e8b465ee728b)  -> (artifact id: '0b19d3a5142e430b1ec6b3c0dcd762eb') in 0.052073 seconds 
========================================================================
Received Import Request.
  Time since last request: 0.000092 seconds.
  path: Assets/Common/Icons/Android/Icon-48.png
  artifactKey: Guid(6fae8ff752f494bacb3c562bed7dea2d) Importer(815301076,1909f56bfc062723c751e8b465ee728b)
Start importing Assets/Common/Icons/Android/Icon-48.png using Guid(6fae8ff752f494bacb3c562bed7dea2d) Importer(815301076,1909f56bfc062723c751e8b465ee728b)  -> (artifact id: '7ce4468953d747d628db7afdd06fffe7') in 0.013875 seconds 
========================================================================
Received Import Request.
  Time since last request: 0.000050 seconds.
  path: Assets/Common/Icons/Android/Icon-96.png
  artifactKey: Guid(827b731c62d8d42c093899fa44179bb2) Importer(815301076,1909f56bfc062723c751e8b465ee728b)
Start importing Assets/Common/Icons/Android/Icon-96.png using Guid(827b731c62d8d42c093899fa44179bb2) Importer(815301076,1909f56bfc062723c751e8b465ee728b)  -> (artifact id: '97a6ce6426cec3b033fee6d9188a8013') in 0.010197 seconds 
========================================================================
Received Import Request.
  Time since last request: 1.166690 seconds.
  path: Assets/Common/Icons/Android/AdaptiveIcons/ForeGround_x432.png
  artifactKey: Guid(44f5763023bff4d3dbfb13b858cff6ce) Importer(815301076,1909f56bfc062723c751e8b465ee728b)
Start importing Assets/Common/Icons/Android/AdaptiveIcons/ForeGround_x432.png using Guid(44f5763023bff4d3dbfb13b858cff6ce) Importer(815301076,1909f56bfc062723c751e8b465ee728b)  -> (artifact id: 'af965522c89f053f4219047392ea75d7') in 0.019707 seconds 
========================================================================
Received Import Request.
  Time since last request: 0.000050 seconds.
  path: Assets/Common/Icons/Android/AdaptiveIcons/ForeGround_x324.png
  artifactKey: Guid(b4f6488d420d24b3fa919a0d3a53bcf2) Importer(815301076,1909f56bfc062723c751e8b465ee728b)
Start importing Assets/Common/Icons/Android/AdaptiveIcons/ForeGround_x324.png using Guid(b4f6488d420d24b3fa919a0d3a53bcf2) Importer(815301076,1909f56bfc062723c751e8b465ee728b)  -> (artifact id: '20976caf804762c90b0f5ff0d5e01870') in 0.018333 seconds 
========================================================================
Received Import Request.
  Time since last request: 0.000068 seconds.
  path: Assets/Common/Icons/Android/AdaptiveIcons/BackGround_x216.png
  artifactKey: Guid(ad05b3745e8844194bae1994e47cd9b3) Importer(815301076,1909f56bfc062723c751e8b465ee728b)
Start importing Assets/Common/Icons/Android/AdaptiveIcons/BackGround_x216.png using Guid(ad05b3745e8844194bae1994e47cd9b3) Importer(815301076,1909f56bfc062723c751e8b465ee728b)  -> (artifact id: 'd31c6fa2add9bb210c6ba00b3aa0ecf5') in 0.012528 seconds 
========================================================================
Received Import Request.
  Time since last request: 0.000204 seconds.
  path: Assets/Common/Icons/Android/AdaptiveIcons/BackGround_x081.png
  artifactKey: Guid(7b3a41568325b49058f0f996eb569a3b) Importer(815301076,1909f56bfc062723c751e8b465ee728b)
Start importing Assets/Common/Icons/Android/AdaptiveIcons/BackGround_x081.png using Guid(7b3a41568325b49058f0f996eb569a3b) Importer(815301076,1909f56bfc062723c751e8b465ee728b)  -> (artifact id: '945b3644a33834e8a87713e9be256457') in 0.010679 seconds 
========================================================================
Received Import Request.
  Time since last request: 0.000071 seconds.
  path: Assets/Common/Icons/Android/AdaptiveIcons/ForeGround_x216.png
  artifactKey: Guid(78781f500fd7e4133b37547cebfe0231) Importer(815301076,1909f56bfc062723c751e8b465ee728b)
Start importing Assets/Common/Icons/Android/AdaptiveIcons/ForeGround_x216.png using Guid(78781f500fd7e4133b37547cebfe0231) Importer(815301076,1909f56bfc062723c751e8b465ee728b)  -> (artifact id: '96136083c012b8dc16798b02b8736b80') in 0.011331 seconds 
========================================================================
Received Import Request.
  Time since last request: 0.000064 seconds.
  path: Assets/Common/Icons/Android/AdaptiveIcons/ForeGround_x108.png
  artifactKey: Guid(71bdaccaa006c43bf9b5eaa2ef7bad56) Importer(815301076,1909f56bfc062723c751e8b465ee728b)
Start importing Assets/Common/Icons/Android/AdaptiveIcons/ForeGround_x108.png using Guid(71bdaccaa006c43bf9b5eaa2ef7bad56) Importer(815301076,1909f56bfc062723c751e8b465ee728b)  -> (artifact id: 'e96213a8305a556c968c71d0be58c0fe') in 0.009394 seconds 
========================================================================
Received Import Request.
  Time since last request: 12.034240 seconds.
  path: Assets/TextMesh Pro/Examples & Extras/Textures/Gradient Diagonal (Color).jpg
  artifactKey: Guid(2ce5c55e85304b819a1826ecbc839aa5) Importer(815301076,1909f56bfc062723c751e8b465ee728b)
Start importing Assets/TextMesh Pro/Examples & Extras/Textures/Gradient Diagonal (Color).jpg using Guid(2ce5c55e85304b819a1826ecbc839aa5) Importer(815301076,1909f56bfc062723c751e8b465ee728b)  -> (artifact id: '483127e5a9eb2ae1e54deea809f6ae9e') in 0.077828 seconds 
========================================================================
Received Import Request.
  Time since last request: 1.381801 seconds.
  path: Packages/com.unity.textmeshpro/Editor Resources/Gizmos/TMP - Text Component Icon.psd
  artifactKey: Guid(2fd6421f253b4ef1a19526541f9ffc0c) Importer(815301076,1909f56bfc062723c751e8b465ee728b)
Start importing Packages/com.unity.textmeshpro/Editor Resources/Gizmos/TMP - Text Component Icon.psd using Guid(2fd6421f253b4ef1a19526541f9ffc0c) Importer(815301076,1909f56bfc062723c751e8b465ee728b)  -> (artifact id: '0203989dba32d797223d3ee3ccffff50') in 0.591588 seconds 
========================================================================
Received Import Request.
  Time since last request: 0.000083 seconds.
  path: Packages/com.unity.timeline/Editor/StyleSheets/Images/Icons/TrackRecordButtonDisabled.png
  artifactKey: Guid(495998c718a094540bbe57ae5ab07647) Importer(815301076,1909f56bfc062723c751e8b465ee728b)
Start importing Packages/com.unity.timeline/Editor/StyleSheets/Images/Icons/TrackRecordButtonDisabled.png using Guid(495998c718a094540bbe57ae5ab07647) Importer(815301076,1909f56bfc062723c751e8b465ee728b)  -> (artifact id: 'b94323572900ece46ac6775f44263ba7') in 0.005992 seconds 
========================================================================
Received Import Request.
  Time since last request: 0.000043 seconds.
  path: Packages/com.unity.timeline/Editor/StyleSheets/Images/Icons/TrackRecordButtonDisabled@2x.png
  artifactKey: Guid(6091f9516d23100479c03bca26138bc8) Importer(815301076,1909f56bfc062723c751e8b465ee728b)
Start importing Packages/com.unity.timeline/Editor/StyleSheets/Images/Icons/TrackRecordButtonDisabled@2x.png using Guid(6091f9516d23100479c03bca26138bc8) Importer(815301076,1909f56bfc062723c751e8b465ee728b)  -> (artifact id: '4d638a1b144d00afc2f02b688348d94b') in 0.005664 seconds 
========================================================================
Received Import Request.
  Time since last request: 6.827572 seconds.
  path: Packages/com.unity.collab-proxy/Editor/Collaborate/Assets/Icons/merge-conflicts-dark@2x.png
  artifactKey: Guid(7dc96f2ba3659a64eb632128d0705ddc) Importer(815301076,1909f56bfc062723c751e8b465ee728b)
Start importing Packages/com.unity.collab-proxy/Editor/Collaborate/Assets/Icons/merge-conflicts-dark@2x.png using Guid(7dc96f2ba3659a64eb632128d0705ddc) Importer(815301076,1909f56bfc062723c751e8b465ee728b)  -> (artifact id: '91df13704d110527cff928f052acb2d2') in 0.007288 seconds 
========================================================================
Received Import Request.
  Time since last request: 0.000036 seconds.
  path: Packages/com.unity.ai.navigation/Gizmos/NavMeshLink Icon.png
  artifactKey: Guid(92f4afa3e25264f5b964937ccea49ff2) Importer(815301076,1909f56bfc062723c751e8b465ee728b)
Start importing Packages/com.unity.ai.navigation/Gizmos/NavMeshLink Icon.png using Guid(92f4afa3e25264f5b964937ccea49ff2) Importer(815301076,1909f56bfc062723c751e8b465ee728b)  -> (artifact id: 'c1859736596671546826e069a316c2ba') in 0.008774 seconds 
========================================================================
Received Import Request.
  Time since last request: 0.000040 seconds.
  path: Packages/com.unity.collab-proxy/Editor/Collaborate/Assets/Icons/merge-conflicts-light@2x.png
  artifactKey: Guid(56adf392a7d080448ab9b85e27356d2e) Importer(815301076,1909f56bfc062723c751e8b465ee728b)
Start importing Packages/com.unity.collab-proxy/Editor/Collaborate/Assets/Icons/merge-conflicts-light@2x.png using Guid(56adf392a7d080448ab9b85e27356d2e) Importer(815301076,1909f56bfc062723c751e8b465ee728b)  -> (artifact id: 'da52459cd943b446e78e93e99e1b184c') in 0.005498 seconds 
========================================================================
Received Import Request.
  Time since last request: 0.000070 seconds.
  path: Packages/com.unity.ai.navigation/EditorResources/NavigationWindowIcon.png
  artifactKey: Guid(b0172c3ab97e219478711e1fbe9630f2) Importer(815301076,1909f56bfc062723c751e8b465ee728b)
Start importing Packages/com.unity.ai.navigation/EditorResources/NavigationWindowIcon.png using Guid(b0172c3ab97e219478711e1fbe9630f2) Importer(815301076,1909f56bfc062723c751e8b465ee728b)  -> (artifact id: '215b71805dee34ad506c2aeed7d5c5a9') in 0.005497 seconds 
========================================================================
Received Import Request.
  Time since last request: 0.000084 seconds.
  path: Packages/com.unity.ai.navigation/Gizmos/NavMeshModifierVolume Icon.png
  artifactKey: Guid(cc7b9475dbddf4f9088d327d6e10ab77) Importer(815301076,1909f56bfc062723c751e8b465ee728b)
Start importing Packages/com.unity.ai.navigation/Gizmos/NavMeshModifierVolume Icon.png using Guid(cc7b9475dbddf4f9088d327d6e10ab77) Importer(815301076,1909f56bfc062723c751e8b465ee728b)  -> (artifact id: '479ca3e1e01a6a7b67e1e1fcd2d5b8af') in 0.007438 seconds 
========================================================================
Received Import Request.
  Time since last request: 20.754960 seconds.
  path: Assets/TextMesh Pro/Examples & Extras/Fonts/Electronic Highway Sign.TTF
  artifactKey: Guid(8a2b9e2a607dd2143b58c44bc32410b4) Importer(815301076,1909f56bfc062723c751e8b465ee728b)
Start importing Assets/TextMesh Pro/Examples & Extras/Fonts/Electronic Highway Sign.TTF using Guid(8a2b9e2a607dd2143b58c44bc32410b4) Importer(815301076,1909f56bfc062723c751e8b465ee728b)  -> (artifact id: 'd23f0a0c82dd1f586c76ec499d2552f6') in 0.191214 seconds 
========================================================================
Received Import Request.
  Time since last request: 0.618663 seconds.
  path: Assets/Common/Icons/UWP/LargeTile.scale-150.png
  artifactKey: Guid(cbc78ebd8481d1348bb52ac89270c806) Importer(815301076,1909f56bfc062723c751e8b465ee728b)
Start importing Assets/Common/Icons/UWP/LargeTile.scale-150.png using Guid(cbc78ebd8481d1348bb52ac89270c806) Importer(815301076,1909f56bfc062723c751e8b465ee728b)  -> (artifact id: '1f7aa126c50421e59c89f55a72832bf1') in 0.007567 seconds 
========================================================================
Received Import Request.
  Time since last request: 0.000034 seconds.
  path: Assets/Common/Icons/UWP/LargeTile.scale-400.png
  artifactKey: Guid(6400f3e497c2f9b4ab56e9855ba71c97) Importer(815301076,1909f56bfc062723c751e8b465ee728b)
Start importing Assets/Common/Icons/UWP/LargeTile.scale-400.png using Guid(6400f3e497c2f9b4ab56e9855ba71c97) Importer(815301076,1909f56bfc062723c751e8b465ee728b)  -> (artifact id: '39f60fd902e93c789cfdeb54a1a3e4a3') in 0.007261 seconds 
========================================================================
Received Import Request.
  Time since last request: 3.679662 seconds.
  path: Assets/Common/Icons/iOS/Icon-180.png
  artifactKey: Guid(73c9e6fc8fd374b119e143a8bc52bf28) Importer(815301076,1909f56bfc062723c751e8b465ee728b)
Start importing Assets/Common/Icons/iOS/Icon-180.png using Guid(73c9e6fc8fd374b119e143a8bc52bf28) Importer(815301076,1909f56bfc062723c751e8b465ee728b)  -> (artifact id: '7c2252d8376a081c3869a0c27a07f90b') in 0.014213 seconds 
========================================================================
Received Import Request.
  Time since last request: 0.000041 seconds.
  path: Assets/Common/Icons/iOS/Icon-256.png
  artifactKey: Guid(8cc5cc8d395f8468aafd15f2aaebb14c) Importer(815301076,1909f56bfc062723c751e8b465ee728b)
Start importing Assets/Common/Icons/iOS/Icon-256.png using Guid(8cc5cc8d395f8468aafd15f2aaebb14c) Importer(815301076,1909f56bfc062723c751e8b465ee728b)  -> (artifact id: '4ae8ccc48fdc8b9e69c2842d73ba49be') in 0.013454 seconds 
========================================================================
Received Import Request.
  Time since last request: 0.000052 seconds.
  path: Assets/Common/Icons/iOS/Icon-196.png
  artifactKey: Guid(38c9f8f898d5a461397639d3a61e1428) Importer(815301076,1909f56bfc062723c751e8b465ee728b)
Start importing Assets/Common/Icons/iOS/Icon-196.png using Guid(38c9f8f898d5a461397639d3a61e1428) Importer(815301076,1909f56bfc062723c751e8b465ee728b)  -> (artifact id: '3a7e70c34fefee187ad81aa07e23a8eb') in 0.011055 seconds 
========================================================================
Received Import Request.
  Time since last request: 0.000061 seconds.
  path: Assets/Common/Icons/iOS/Icon-512.png
  artifactKey: Guid(d009bdac2bfb64f73a7d01d12af11139) Importer(815301076,1909f56bfc062723c751e8b465ee728b)
Start importing Assets/Common/Icons/iOS/Icon-512.png using Guid(d009bdac2bfb64f73a7d01d12af11139) Importer(815301076,1909f56bfc062723c751e8b465ee728b)  -> (artifact id: '82319845c40f84758d8799dd4cffb5b5') in 0.023630 seconds 
========================================================================
Received Import Request.
  Time since last request: 0.000039 seconds.
  path: Packages/com.unity.collab-proxy/Editor/PlasticSCM/Assets/Images/iconaddedlocal.png
  artifactKey: Guid(9a1ab8af8c446204e989a90f18305caf) Importer(815301076,1909f56bfc062723c751e8b465ee728b)
Start importing Packages/com.unity.collab-proxy/Editor/PlasticSCM/Assets/Images/iconaddedlocal.png using Guid(9a1ab8af8c446204e989a90f18305caf) Importer(815301076,1909f56bfc062723c751e8b465ee728b)  -> (artifact id: '0a8dc88052aeab3d5bebde9a3b472dab') in 0.011116 seconds 
========================================================================
Received Import Request.
  Time since last request: 0.877380 seconds.
  path: Assets/Common/Icons/UWP/Square44x44Logo.scale-100.png
  artifactKey: Guid(05c52f9c5a216444c868677a0e02efb2) Importer(815301076,1909f56bfc062723c751e8b465ee728b)
Start importing Assets/Common/Icons/UWP/Square44x44Logo.scale-100.png using Guid(05c52f9c5a216444c868677a0e02efb2) Importer(815301076,1909f56bfc062723c751e8b465ee728b)  -> (artifact id: '8ea6dc999eb04c9ed37e4284e61ff02a') in 0.006483 seconds 
========================================================================
Received Import Request.
  Time since last request: 0.000055 seconds.
  path: Assets/Common/Icons/UWP/Square44x44Logo.scale-200.png
  artifactKey: Guid(4c41704d78ea087419cec275d1d97a5d) Importer(815301076,1909f56bfc062723c751e8b465ee728b)
Start importing Assets/Common/Icons/UWP/Square44x44Logo.scale-200.png using Guid(4c41704d78ea087419cec275d1d97a5d) Importer(815301076,1909f56bfc062723c751e8b465ee728b)  -> (artifact id: '05af2c3a106123e6f80ddc13444237ff') in 0.006429 seconds 
========================================================================
Received Import Request.
  Time since last request: 0.001880 seconds.
  path: Assets/Common/Icons/UWP/Square44x44Logo.scale-125.png
  artifactKey: Guid(80c6bdebc69e9c44c829e3bca05b8c70) Importer(815301076,1909f56bfc062723c751e8b465ee728b)
Start importing Assets/Common/Icons/UWP/Square44x44Logo.scale-125.png using Guid(80c6bdebc69e9c44c829e3bca05b8c70) Importer(815301076,1909f56bfc062723c751e8b465ee728b)  -> (artifact id: 'deec2497a23e49329b7b87ad71996ad7') in 0.005467 seconds 
========================================================================
Received Import Request.
  Time since last request: 0.000039 seconds.
  path: Assets/Common/Icons/UWP/Square150x150Logo.scale-150.png
  artifactKey: Guid(7d5e86f5a250c9341a346f980ee1a48d) Importer(815301076,1909f56bfc062723c751e8b465ee728b)
Start importing Assets/Common/Icons/UWP/Square150x150Logo.scale-150.png using Guid(7d5e86f5a250c9341a346f980ee1a48d) Importer(815301076,1909f56bfc062723c751e8b465ee728b)  -> (artifact id: 'a5490ee65d8bf795795408fef9990e7d') in 0.005736 seconds 
========================================================================
Received Import Request.
  Time since last request: 0.000048 seconds.
  path: Assets/Common/Icons/UWP/Square44x44Logo.scale-150.png
  artifactKey: Guid(091fffac4daad0343911afcbf36384d2) Importer(815301076,1909f56bfc062723c751e8b465ee728b)
Start importing Assets/Common/Icons/UWP/Square44x44Logo.scale-150.png using Guid(091fffac4daad0343911afcbf36384d2) Importer(815301076,1909f56bfc062723c751e8b465ee728b)  -> (artifact id: '4f2978c965570e82da251f2c3657f996') in 0.005210 seconds 
========================================================================
Received Import Request.
  Time since last request: 0.000064 seconds.
  path: Assets/Common/Icons/UWP/Square44x44Logo.scale-400.png
  artifactKey: Guid(2f72818680a7de34b9781c7d8c6cad7a) Importer(815301076,1909f56bfc062723c751e8b465ee728b)
Start importing Assets/Common/Icons/UWP/Square44x44Logo.scale-400.png using Guid(2f72818680a7de34b9781c7d8c6cad7a) Importer(815301076,1909f56bfc062723c751e8b465ee728b)  -> (artifact id: '32453697fa65a6c2425896aa5f7ff307') in 0.005886 seconds 
========================================================================
Received Import Request.
  Time since last request: 3.433614 seconds.
  path: Assets/Common/Icons/iOS/Icon-128.png
  artifactKey: Guid(6278ff11915714cf4a571a49bbc59f8e) Importer(815301076,1909f56bfc062723c751e8b465ee728b)
Start importing Assets/Common/Icons/iOS/Icon-128.png using Guid(6278ff11915714cf4a571a49bbc59f8e) Importer(815301076,1909f56bfc062723c751e8b465ee728b)  -> (artifact id: 'e698f2aa2b43827b589912dede1baf8c') in 0.011010 seconds 
========================================================================
Received Import Request.
  Time since last request: 0.000035 seconds.
  path: Assets/Common/Icons/iOS/Icon-167.png
  artifactKey: Guid(4cbc9362b367d44d58da2b6146f50c17) Importer(815301076,1909f56bfc062723c751e8b465ee728b)
Start importing Assets/Common/Icons/iOS/Icon-167.png using Guid(4cbc9362b367d44d58da2b6146f50c17) Importer(815301076,1909f56bfc062723c751e8b465ee728b)  -> (artifact id: '558170ccd7c8475d29acaf4007718b13') in 0.011282 seconds 
========================================================================
Received Import Request.
  Time since last request: 4.544276 seconds.
  path: Assets/Common/Icons/iOS/Icon-87.png
  artifactKey: Guid(dd034f60ad00b407089fd2248eb2bae0) Importer(815301076,1909f56bfc062723c751e8b465ee728b)
Start importing Assets/Common/Icons/iOS/Icon-87.png using Guid(dd034f60ad00b407089fd2248eb2bae0) Importer(815301076,1909f56bfc062723c751e8b465ee728b)  -> (artifact id: 'ed7ebcb2e7991ef57bb75186dcff4786') in 0.010054 seconds 
========================================================================
Received Import Request.
  Time since last request: 0.000046 seconds.
  path: Assets/Common/Icons/iOS/Icon-88.png
  artifactKey: Guid(c352bbf5f1c324a93a0758d8b4d8d0e3) Importer(815301076,1909f56bfc062723c751e8b465ee728b)
Start importing Assets/Common/Icons/iOS/Icon-88.png using Guid(c352bbf5f1c324a93a0758d8b4d8d0e3) Importer(815301076,1909f56bfc062723c751e8b465ee728b)  -> (artifact id: 'b9cbfa19a457ddca1b936f18f8c45b7e') in 0.009676 seconds 
========================================================================
Received Import Request.
  Time since last request: 0.000062 seconds.
  path: Assets/Common/Icons/iOS/Icon-100.png
  artifactKey: Guid(65c4e7c74b99141b58dfa4d259a65444) Importer(815301076,1909f56bfc062723c751e8b465ee728b)
Start importing Assets/Common/Icons/iOS/Icon-100.png using Guid(65c4e7c74b99141b58dfa4d259a65444) Importer(815301076,1909f56bfc062723c751e8b465ee728b)  -> (artifact id: '22bb26f84e3aa9aa0da8a86f3374494f') in 0.009010 seconds 
========================================================================
Received Import Request.
  Time since last request: 4.290976 seconds.
  path: Assets/Common/Icons/iOS/Icon-72.png
  artifactKey: Guid(a60549db96b2842fe9035b4880bfa6bb) Importer(815301076,1909f56bfc062723c751e8b465ee728b)
Start importing Assets/Common/Icons/iOS/Icon-72.png using Guid(a60549db96b2842fe9035b4880bfa6bb) Importer(815301076,1909f56bfc062723c751e8b465ee728b)  -> (artifact id: '033913243e403481f9c4ba0ed8984774') in 0.009742 seconds 
========================================================================
Received Import Request.
  Time since last request: 4.471328 seconds.
  path: Assets/Common/Icons/iOS/Icon-48.png
  artifactKey: Guid(5b6408b8fcc554852ba035c9cb16aad4) Importer(815301076,1909f56bfc062723c751e8b465ee728b)
Start importing Assets/Common/Icons/iOS/Icon-48.png using Guid(5b6408b8fcc554852ba035c9cb16aad4) Importer(815301076,1909f56bfc062723c751e8b465ee728b)  -> (artifact id: '3edd874dd6c37caf2e74fbfb6d41b1b8') in 0.009188 seconds 
========================================================================
Received Import Request.
  Time since last request: 0.000057 seconds.
  path: Assets/Common/Icons/iOS/Icon-57.png
  artifactKey: Guid(8f0cac86f23b94d7693801136041165e) Importer(815301076,1909f56bfc062723c751e8b465ee728b)
Start importing Assets/Common/Icons/iOS/Icon-57.png using Guid(8f0cac86f23b94d7693801136041165e) Importer(815301076,1909f56bfc062723c751e8b465ee728b)  -> (artifact id: '378d67945c0476fecd912fa422d4c837') in 0.008737 seconds 
========================================================================
Received Import Request.
  Time since last request: 0.000071 seconds.
  path: Assets/Common/Icons/iOS/Icon-55.png
  artifactKey: Guid(b17260949918c406b99342d1c02995ed) Importer(815301076,1909f56bfc062723c751e8b465ee728b)
Start importing Assets/Common/Icons/iOS/Icon-55.png using Guid(b17260949918c406b99342d1c02995ed) Importer(815301076,1909f56bfc062723c751e8b465ee728b)  -> (artifact id: 'a1fd11525000f1de5bd141a257b6b3b5') in 0.008527 seconds 
========================================================================
Received Import Request.
  Time since last request: 0.000045 seconds.
  path: Assets/Common/Icons/iOS/Icon-60.png
  artifactKey: Guid(83a6483f53e5f448a84f14d9e27ee822) Importer(815301076,1909f56bfc062723c751e8b465ee728b)
Start importing Assets/Common/Icons/iOS/Icon-60.png using Guid(83a6483f53e5f448a84f14d9e27ee822) Importer(815301076,1909f56bfc062723c751e8b465ee728b)  -> (artifact id: 'ee15680d10febbafbc9973a6b6bb2739') in 0.008503 seconds 
========================================================================
Received Import Request.
  Time since last request: 3.403579 seconds.
  path: Assets/Common/Icons/iOS/Icon-32.png
  artifactKey: Guid(11079caee622c4492a0a5e807f7873ab) Importer(815301076,1909f56bfc062723c751e8b465ee728b)
Start importing Assets/Common/Icons/iOS/Icon-32.png using Guid(11079caee622c4492a0a5e807f7873ab) Importer(815301076,1909f56bfc062723c751e8b465ee728b)  -> (artifact id: '3b95be3a911f1708ed17d67338df0281') in 0.008991 seconds 
========================================================================
Received Import Request.
  Time since last request: 12.589538 seconds.
  path: Packages/com.unity.collab-proxy/Editor/PlasticSCM/Assets/Images/d_iconaddedlocal.png
  artifactKey: Guid(0c6a2a64ca9f9c946a7dbbd1674cf5bd) Importer(815301076,1909f56bfc062723c751e8b465ee728b)
Start importing Packages/com.unity.collab-proxy/Editor/PlasticSCM/Assets/Images/d_iconaddedlocal.png using Guid(0c6a2a64ca9f9c946a7dbbd1674cf5bd) Importer(815301076,1909f56bfc062723c751e8b465ee728b)  -> (artifact id: '8e8630da1152bb57c9ac914bd49d807d') in 0.009244 seconds 
========================================================================
Received Import Request.
  Time since last request: 0.000062 seconds.
  path: Packages/com.unity.collab-proxy/Editor/PlasticSCM/Assets/Images/d_iconaddedoverlay@2x.png
  artifactKey: Guid(a6fbd5a181bc51e42a61a73fe8d727c8) Importer(815301076,1909f56bfc062723c751e8b465ee728b)
Start importing Packages/com.unity.collab-proxy/Editor/PlasticSCM/Assets/Images/d_iconaddedoverlay@2x.png using Guid(a6fbd5a181bc51e42a61a73fe8d727c8) Importer(815301076,1909f56bfc062723c751e8b465ee728b)  -> (artifact id: 'e031ed2985ae3850e68bc38275f783ce') in 0.008495 seconds 
========================================================================
Received Import Request.
  Time since last request: 0.000058 seconds.
  path: Packages/com.unity.collab-proxy/Editor/PlasticSCM/Assets/Images/d_iconcheckedoutlocaloverlay.png
  artifactKey: Guid(bb1928aff4fd4cf44af1f629dc14ef9b) Importer(815301076,1909f56bfc062723c751e8b465ee728b)
Start importing Packages/com.unity.collab-proxy/Editor/PlasticSCM/Assets/Images/d_iconcheckedoutlocaloverlay.png using Guid(bb1928aff4fd4cf44af1f629dc14ef9b) Importer(815301076,1909f56bfc062723c751e8b465ee728b)  -> (artifact id: '0d3872de580160f6ad2da7c0de248e80') in 0.007358 seconds 
========================================================================
Received Import Request.
  Time since last request: 0.000047 seconds.
  path: Packages/com.unity.collab-proxy/Editor/PlasticSCM/Assets/Images/d_iconbranch@2x.png
  artifactKey: Guid(874d8401331ede14087e8d8d486ddda6) Importer(815301076,1909f56bfc062723c751e8b465ee728b)
Start importing Packages/com.unity.collab-proxy/Editor/PlasticSCM/Assets/Images/d_iconbranch@2x.png using Guid(874d8401331ede14087e8d8d486ddda6) Importer(815301076,1909f56bfc062723c751e8b465ee728b)  -> (artifact id: '9da5723882fff08b94b9b8a61eaa7d59') in 0.007712 seconds 
========================================================================
Received Import Request.
  Time since last request: 0.000064 seconds.
  path: Packages/com.unity.collab-proxy/Editor/PlasticSCM/Assets/Images/d_iconaddedlocal@2x.png
  artifactKey: Guid(02800fb9cff14da47a04572790384d8b) Importer(815301076,1909f56bfc062723c751e8b465ee728b)
Start importing Packages/com.unity.collab-proxy/Editor/PlasticSCM/Assets/Images/d_iconaddedlocal@2x.png using Guid(02800fb9cff14da47a04572790384d8b) Importer(815301076,1909f56bfc062723c751e8b465ee728b)  -> (artifact id: 'cd745b19492b8303daaafeb10dc9fa9d') in 0.008203 seconds 
========================================================================
Received Import Request.
  Time since last request: 0.243939 seconds.
  path: Packages/com.unity.collab-proxy/Editor/PlasticSCM/Assets/Images/d_iconplasticviewnotify.png
  artifactKey: Guid(df7dbac99fae5444f92b497c52f0ecfb) Importer(815301076,1909f56bfc062723c751e8b465ee728b)
Start importing Packages/com.unity.collab-proxy/Editor/PlasticSCM/Assets/Images/d_iconplasticviewnotify.png using Guid(df7dbac99fae5444f92b497c52f0ecfb) Importer(815301076,1909f56bfc062723c751e8b465ee728b)  -> (artifact id: 'f833ae79d5d32f16a7036225baf3b712') in 0.009201 seconds 
========================================================================
Received Import Request.
  Time since last request: 0.000067 seconds.
  path: Packages/com.unity.collab-proxy/Editor/PlasticSCM/Assets/Images/d_iconundo.png
  artifactKey: Guid(691dc543ff5b9ca44bf846657ba04161) Importer(815301076,1909f56bfc062723c751e8b465ee728b)
Start importing Packages/com.unity.collab-proxy/Editor/PlasticSCM/Assets/Images/d_iconundo.png using Guid(691dc543ff5b9ca44bf846657ba04161) Importer(815301076,1909f56bfc062723c751e8b465ee728b)  -> (artifact id: '92031d417c8b704271da3a7460b9f5dd') in 0.008813 seconds 
========================================================================
Received Import Request.
  Time since last request: 0.000068 seconds.
  path: Packages/com.unity.collab-proxy/Editor/PlasticSCM/Assets/Images/d_iconprivateoverlay.png
  artifactKey: Guid(059fb5367594a3343814dc25ace454b3) Importer(815301076,1909f56bfc062723c751e8b465ee728b)
Start importing Packages/com.unity.collab-proxy/Editor/PlasticSCM/Assets/Images/d_iconprivateoverlay.png using Guid(059fb5367594a3343814dc25ace454b3) Importer(815301076,1909f56bfc062723c751e8b465ee728b)  -> (artifact id: '848de10447350e95d5b0e0cee01598ff') in 0.007725 seconds 
========================================================================
Received Import Request.
  Time since last request: 0.000066 seconds.
  path: Packages/com.unity.collab-proxy/Editor/PlasticSCM/Assets/Images/d_secondarytabclose.png
  artifactKey: Guid(6975ee4c1f40caf4da8dd733ee2cfeaf) Importer(815301076,1909f56bfc062723c751e8b465ee728b)
Start importing Packages/com.unity.collab-proxy/Editor/PlasticSCM/Assets/Images/d_secondarytabclose.png using Guid(6975ee4c1f40caf4da8dd733ee2cfeaf) Importer(815301076,1909f56bfc062723c751e8b465ee728b)  -> (artifact id: '139f24cd33f8f475923f8dbe75db6b71') in 0.008007 seconds 
========================================================================
Received Import Request.
  Time since last request: 26.420313 seconds.
  path: Assets/TextMesh Pro/Examples & Extras/Textures/Brushed Metal 3.jpg
  artifactKey: Guid(f88677df267a41d6be1e7a6133e7d227) Importer(815301076,1909f56bfc062723c751e8b465ee728b)
Start importing Assets/TextMesh Pro/Examples & Extras/Textures/Brushed Metal 3.jpg using Guid(f88677df267a41d6be1e7a6133e7d227) Importer(815301076,1909f56bfc062723c751e8b465ee728b)  -> (artifact id: '84e06600ab9031e72949359b273c5167') in 0.007345 seconds 
========================================================================
Received Import Request.
  Time since last request: 0.000046 seconds.
  path: Packages/com.unity.textmeshpro/Editor Resources/Textures/btn_AlignBaseLine_Light.psd
  artifactKey: Guid(18775b51e3bd42299fd30bd036ea982f) Importer(815301076,1909f56bfc062723c751e8b465ee728b)
Start importing Packages/com.unity.textmeshpro/Editor Resources/Textures/btn_AlignBaseLine_Light.psd using Guid(18775b51e3bd42299fd30bd036ea982f) Importer(815301076,1909f56bfc062723c751e8b465ee728b)  -> (artifact id: 'c4712c279657cb39b9969897156bbf43') in 0.005866 seconds 
========================================================================
Received Import Request.
  Time since last request: 0.000044 seconds.
  path: Packages/com.unity.textmeshpro/Editor Resources/Textures/btn_AlignBottom.psd
  artifactKey: Guid(ca51b19024094d1b87f3e07edb0a75fb) Importer(815301076,1909f56bfc062723c751e8b465ee728b)
Start importing Packages/com.unity.textmeshpro/Editor Resources/Textures/btn_AlignBottom.psd using Guid(ca51b19024094d1b87f3e07edb0a75fb) Importer(815301076,1909f56bfc062723c751e8b465ee728b)  -> (artifact id: '5b82d9602563d544322e15884ed984a7') in 0.006139 seconds 
========================================================================
Received Import Request.
  Time since last request: 0.000036 seconds.
  path: Packages/com.unity.textmeshpro/Editor Resources/Textures/btn_AlignBaseLine.psd
  artifactKey: Guid(8bc445bb79654bf496c92d0407840a92) Importer(815301076,1909f56bfc062723c751e8b465ee728b)
Start importing Packages/com.unity.textmeshpro/Editor Resources/Textures/btn_AlignBaseLine.psd using Guid(8bc445bb79654bf496c92d0407840a92) Importer(815301076,1909f56bfc062723c751e8b465ee728b)  -> (artifact id: '594f9d70574c4b412a5bad41a4b63596') in 0.004951 seconds 
========================================================================
Received Import Request.
  Time since last request: 1.162857 seconds.
  path: Packages/com.unity.collab-proxy/Editor/Collaborate/Assets/Icons/collaborate-light.png
  artifactKey: Guid(4466539767d9ee241abcc43eebb52ce3) Importer(815301076,1909f56bfc062723c751e8b465ee728b)
Start importing Packages/com.unity.collab-proxy/Editor/Collaborate/Assets/Icons/collaborate-light.png using Guid(4466539767d9ee241abcc43eebb52ce3) Importer(815301076,1909f56bfc062723c751e8b465ee728b)  -> (artifact id: '7b38fed80a6ff6deda914a667c74f67d') in 0.007188 seconds 
========================================================================
Received Import Request.
  Time since last request: 0.000034 seconds.
  path: Packages/com.unity.collab-proxy/Editor/Collaborate/Assets/Icons/collaborate-offline-light@2x.png
  artifactKey: Guid(cabe2c11824b4164984e262821760727) Importer(815301076,1909f56bfc062723c751e8b465ee728b)
Start importing Packages/com.unity.collab-proxy/Editor/Collaborate/Assets/Icons/collaborate-offline-light@2x.png using Guid(cabe2c11824b4164984e262821760727) Importer(815301076,1909f56bfc062723c751e8b465ee728b)  -> (artifact id: 'fa8d4c4c186714f5138d3c0ae96c3784') in 0.007023 seconds 
========================================================================
Received Import Request.
  Time since last request: 0.000036 seconds.
  path: Packages/com.unity.collab-proxy/Editor/Collaborate/Assets/Icons/collaborate-offline-light.png
  artifactKey: Guid(5baffe5f7a6366344b7819fa35e7e030) Importer(815301076,1909f56bfc062723c751e8b465ee728b)
Start importing Packages/com.unity.collab-proxy/Editor/Collaborate/Assets/Icons/collaborate-offline-light.png using Guid(5baffe5f7a6366344b7819fa35e7e030) Importer(815301076,1909f56bfc062723c751e8b465ee728b)  -> (artifact id: 'c05906909c2595d9563f7abcc1b2359c') in 0.005981 seconds 
========================================================================
Received Import Request.
  Time since last request: 0.000052 seconds.
  path: Packages/com.unity.collab-proxy/Editor/Collaborate/Assets/Icons/collaborate-progress-dark.png
  artifactKey: Guid(60706f973daf4764e81c846ce1a8e183) Importer(815301076,1909f56bfc062723c751e8b465ee728b)
Start importing Packages/com.unity.collab-proxy/Editor/Collaborate/Assets/Icons/collaborate-progress-dark.png using Guid(60706f973daf4764e81c846ce1a8e183) Importer(815301076,1909f56bfc062723c751e8b465ee728b)  -> (artifact id: '9ed2f3947b2613a9bbaac5a7f6bdb7f5') in 0.005678 seconds 
========================================================================
Received Import Request.
  Time since last request: 0.000060 seconds.
  path: Packages/com.unity.collab-proxy/Editor/Collaborate/Assets/Icons/collaborate-light@2x.png
  artifactKey: Guid(837c493ae228aaf4d977e9138707008d) Importer(815301076,1909f56bfc062723c751e8b465ee728b)
Start importing Packages/com.unity.collab-proxy/Editor/Collaborate/Assets/Icons/collaborate-light@2x.png using Guid(837c493ae228aaf4d977e9138707008d) Importer(815301076,1909f56bfc062723c751e8b465ee728b)  -> (artifact id: '54d85a5256f642d90637b3cdcc8bfc6c') in 0.007022 seconds 
========================================================================
Received Import Request.
  Time since last request: 12.541533 seconds.
  path: Packages/com.unity.textmeshpro/Editor Resources/Textures/btn_AlignCenterGeo_Light.psd
  artifactKey: Guid(35ff0937876540d3bd4b6a941df62a92) Importer(815301076,1909f56bfc062723c751e8b465ee728b)
Start importing Packages/com.unity.textmeshpro/Editor Resources/Textures/btn_AlignCenterGeo_Light.psd using Guid(35ff0937876540d3bd4b6a941df62a92) Importer(815301076,1909f56bfc062723c751e8b465ee728b)  -> (artifact id: '9148efaf019f560893fbc45e02c3589c') in 0.007006 seconds 
========================================================================
Received Import Request.
  Time since last request: 0.000050 seconds.
  path: Packages/com.unity.collab-proxy/Editor/Collaborate/Assets/Icons/choose-remote-dark.png
  artifactKey: Guid(289215d22fcafb941b9e25f8609e25b9) Importer(815301076,1909f56bfc062723c751e8b465ee728b)
Start importing Packages/com.unity.collab-proxy/Editor/Collaborate/Assets/Icons/choose-remote-dark.png using Guid(289215d22fcafb941b9e25f8609e25b9) Importer(815301076,1909f56bfc062723c751e8b465ee728b)  -> (artifact id: '890b00b75bc965a1b1fcd90050b35b9e') in 0.006380 seconds 
========================================================================
Received Import Request.
  Time since last request: 0.000053 seconds.
  path: Packages/com.unity.collab-proxy/Editor/Collaborate/Assets/Icons/choose-remote-light.png
  artifactKey: Guid(78f56e873f56d7943aef2a039430732e) Importer(815301076,1909f56bfc062723c751e8b465ee728b)
Start importing Packages/com.unity.collab-proxy/Editor/Collaborate/Assets/Icons/choose-remote-light.png using Guid(78f56e873f56d7943aef2a039430732e) Importer(815301076,1909f56bfc062723c751e8b465ee728b)  -> (artifact id: 'a0a4f7a1ac5eb155f2826aeee68de37b') in 0.005613 seconds 
========================================================================
Received Import Request.
  Time since last request: 0.000053 seconds.
  path: Packages/com.unity.collab-proxy/Editor/Collaborate/Assets/Icons/choose-mine-light.png
  artifactKey: Guid(2c0bdcbf152ceb64ba9b01cc370a9092) Importer(815301076,1909f56bfc062723c751e8b465ee728b)
Start importing Packages/com.unity.collab-proxy/Editor/Collaborate/Assets/Icons/choose-mine-light.png using Guid(2c0bdcbf152ceb64ba9b01cc370a9092) Importer(815301076,1909f56bfc062723c751e8b465ee728b)  -> (artifact id: 'd5777341bd5b27b0d4c4bbca6b72eccb') in 0.006014 seconds 
========================================================================
Received Import Request.
  Time since last request: 2.345534 seconds.
  path: Packages/com.unity.collab-proxy/Editor/Collaborate/Assets/Icons/back-light@2x.png
  artifactKey: Guid(f5c57327df0fa294c8209aa216435167) Importer(815301076,1909f56bfc062723c751e8b465ee728b)
Start importing Packages/com.unity.collab-proxy/Editor/Collaborate/Assets/Icons/back-light@2x.png using Guid(f5c57327df0fa294c8209aa216435167) Importer(815301076,1909f56bfc062723c751e8b465ee728b)  -> (artifact id: '30d60eb395eb47dd26275d41aed083fc') in 0.006686 seconds 
========================================================================
Received Prepare
Refreshing native plugins compatible for Editor in 11.43 ms, found 6 plugins.
Preloading 4 native plugins for Editor in 9.23 ms.
Unloading 79 Unused Serialized files (Serialized files now loaded: 0)
Unloading 96 unused Assets / (0.7 MB). Loaded Objects now: 4816.
Memory consumption went from 0.52 GB to 0.52 GB.
Total: 5.437375 ms (FindLiveObjects: 0.290084 ms CreateObjectMapping: 0.092000 ms MarkObjects: 4.722792 ms  DeleteObjects: 0.331792 ms)

AssetImportParameters requested are different than current active one (requested -> active):
  custom:video-decoder-ogg-theora: a1e56fd34408186e4bbccfd4996cb3dc -> 
  custom:container-muxer-webm: aa71ff27fc2769a1b78a27578f13a17b -> 
  custom:container-demuxer-webm: 4f35f7cbe854078d1ac9338744f61a02 -> 
  custom:video-encoder-webm-vp8: eb34c28f22e8b96e1ab97ce403110664 -> 
  custom:framework-osx-AVFoundation: e770b220cccbd017edd2c1fefb359320 -> 
  custom:audio-encoder-webm-vorbis: bf7c407c2cedff20999df2af8eb42d56 -> 
  custom:container-demuxer-ogg: 62fdf1f143b41e24485cea50d1cbac27 -> 
  custom:video-decoder-webm-vp8: 9c59270c3fd7afecdb556c50c9e8de78 -> 
  custom:audio-decoder-ogg-vorbis: bf7c407c2cedff20999df2af8eb42d56 -> 
========================================================================
Received Prepare
Registering precompiled user dll's ...
Registered in 0.004151 seconds.
Begin MonoManager ReloadAssembly
Symbol file LoadedFromMemory doesn't match image /Users/okanleenen/Documents/GitHub/UnityProjekt/BKaya/Library/PackageCache/com.unity.visualscripting@1.7.8/Editor/VisualScripting.Core/Dependencies/DotNetZip/Unity.VisualScripting.IonicZip.dll
Symbol file LoadedFromMemory is not a mono symbol file
Symbol file LoadedFromMemory doesn't match image /Users/okanleenen/Documents/GitHub/UnityProjekt/BKaya/Library/PackageCache/com.unity.visualscripting@1.7.8/Editor/VisualScripting.Core/Dependencies/YamlDotNet/Unity.VisualScripting.YamlDotNet.dll
Native extension for Android target not found
Native extension for OSXStandalone target not found
Refreshing native plugins compatible for Editor in 0.90 ms, found 6 plugins.
Preloading 4 native plugins for Editor in 10.25 ms.
Mono: successfully reloaded assembly
- Completed reload, in  1.957 seconds
Domain Reload Profiling:
	ReloadAssembly (1958ms)
		BeginReloadAssembly (265ms)
			ExecutionOrderSort (0ms)
			DisableScriptedObjects (30ms)
			BackupInstance (0ms)
			ReleaseScriptingObjects (0ms)
			CreateAndSetChildDomain (94ms)
		EndReloadAssembly (1509ms)
			LoadAssemblies (100ms)
			RebuildTransferFunctionScriptingTraits (0ms)
			SetupTypeCache (242ms)
			ReleaseScriptCaches (1ms)
			RebuildScriptCaches (37ms)
			SetupLoadedEditorAssemblies (1004ms)
				LogAssemblyErrors (0ms)
				InitializePlatformSupportModulesInManaged (51ms)
				SetLoadedEditorAssemblies (1ms)
				RefreshPlugins (11ms)
				BeforeProcessingInitializeOnLoad (92ms)
				ProcessInitializeOnLoadAttributes (731ms)
				ProcessInitializeOnLoadMethodAttributes (117ms)
				AfterProcessingInitializeOnLoad (1ms)
				EditorAssembliesLoaded (0ms)
			ExecutionOrderSort2 (0ms)
			AwakeInstancesAfterBackupRestoration (10ms)
Platform modules already initialized, skipping
Refreshing native plugins compatible for Editor in 4.77 ms, found 6 plugins.
Preloading 4 native plugins for Editor in 10.48 ms.
Unloading 3953 Unused Serialized files (Serialized files now loaded: 0)
Unloading 78 unused Assets / (0.6 MB). Loaded Objects now: 4818.
Memory consumption went from 0.60 GB to 0.60 GB.
Total: 5.456291 ms (FindLiveObjects: 0.276542 ms CreateObjectMapping: 0.090042 ms MarkObjects: 4.717667 ms  DeleteObjects: 0.371042 ms)

AssetImportParameters requested are different than current active one (requested -> active):
  custom:video-decoder-ogg-theora: a1e56fd34408186e4bbccfd4996cb3dc -> 
  custom:container-muxer-webm: aa71ff27fc2769a1b78a27578f13a17b -> 
  custom:container-demuxer-webm: 4f35f7cbe854078d1ac9338744f61a02 -> 
  custom:video-encoder-webm-vp8: eb34c28f22e8b96e1ab97ce403110664 -> 
  custom:framework-osx-AVFoundation: e770b220cccbd017edd2c1fefb359320 -> 
  custom:audio-encoder-webm-vorbis: bf7c407c2cedff20999df2af8eb42d56 -> 
  custom:container-demuxer-ogg: 62fdf1f143b41e24485cea50d1cbac27 -> 
  custom:video-decoder-webm-vp8: 9c59270c3fd7afecdb556c50c9e8de78 -> 
  custom:audio-decoder-ogg-vorbis: bf7c407c2cedff20999df2af8eb42d56 -> 
